<?xml version="1.0" encoding="UTF-8"?>
<testsuites>
  <testsuite name="" tests="2" assertions="0" errors="2" warnings="0" failures="0" skipped="0" time="0.048428">
    <testsuite name="App" tests="2" assertions="0" errors="2" warnings="0" failures="0" skipped="0" time="0.048428">
      <testsuite name="ExampleDatabaseTest" file="C:\xampp\htdocs\Darwin_jewels_codeigniter\tests\database\ExampleDatabaseTest.php" tests="2" assertions="0" errors="2" warnings="0" failures="0" skipped="0" time="0.048428">
        <testcase name="testModelFindAll" class="ExampleDatabaseTest" classname="ExampleDatabaseTest" file="C:\xampp\htdocs\Darwin_jewels_codeigniter\tests\database\ExampleDatabaseTest.php" line="17" assertions="0" time="0.044703">
          <error type="CodeIgniter\Database\Exceptions\DatabaseException">ExampleDatabaseTest::testModelFindAll
CodeIgniter\Database\Exceptions\DatabaseException: Unable to connect to the database.&#13;
Main connection [SQLite3]: Class "SQLite3" not found

C:\xampp\htdocs\Darwin_jewels_codeigniter\system\Database\BaseConnection.php:427
C:\xampp\htdocs\Darwin_jewels_codeigniter\system\Database\SQLite3\Connection.php:59
C:\xampp\htdocs\Darwin_jewels_codeigniter\system\Test\DatabaseTestTrait.php:74
C:\xampp\htdocs\Darwin_jewels_codeigniter\system\Test\DatabaseTestTrait.php:54
C:\xampp\htdocs\Darwin_jewels_codeigniter\system\Test\CIUnitTestCase.php:248</error>
        </testcase>
        <testcase name="testSoftDeleteLeavesRow" class="ExampleDatabaseTest" classname="ExampleDatabaseTest" file="C:\xampp\htdocs\Darwin_jewels_codeigniter\tests\database\ExampleDatabaseTest.php" line="28" assertions="0" time="0.003724">
          <error type="CodeIgniter\Database\Exceptions\DatabaseException">ExampleDatabaseTest::testSoftDeleteLeavesRow
CodeIgniter\Database\Exceptions\DatabaseException: Unable to connect to the database.&#13;
Main connection [SQLite3]: Class "SQLite3" not found

C:\xampp\htdocs\Darwin_jewels_codeigniter\system\Database\BaseConnection.php:427
C:\xampp\htdocs\Darwin_jewels_codeigniter\system\Database\SQLite3\Connection.php:59
C:\xampp\htdocs\Darwin_jewels_codeigniter\system\Test\DatabaseTestTrait.php:74
C:\xampp\htdocs\Darwin_jewels_codeigniter\system\Test\DatabaseTestTrait.php:54
C:\xampp\htdocs\Darwin_jewels_codeigniter\system\Test\CIUnitTestCase.php:248</error>
        </testcase>
      </testsuite>
    </testsuite>
  </testsuite>
</testsuites>
